Using pre-set license
Built from '2020.3/release' branch; Version is '2020.3.12f1 (b3b2c6512326) revision 11776710'; Using compiler version '192528614'; Build Type 'Release'
OS: 'Windows 10 Home; OS build 22000.434; Version 2009; 64bit' Language: 'es' Physical Memory: 32535 MB
BatchMode: 1, IsHumanControllingUs: 0, StartBugReporterOnCrash: 0, Is64bit: 1, IsPro: 0

 COMMAND LINE ARGUMENTS:
C:\Program Files\Unity\Hub\Editor\2020.3.12f1\Editor\Unity.exe
-adb2
-batchMode
-noUpm
-name
AssetImportWorker0
-projectPath
C:/Users/albas/Desktop/unity/Recuperacion
-logFile
Logs/AssetImportWorker0.log
-srvPort
49817
Successfully changed project path to: C:/Users/albas/Desktop/unity/Recuperacion
C:/Users/albas/Desktop/unity/Recuperacion
Using Asset Import Pipeline V2.
Refreshing native plugins compatible for Editor in 76.18 ms, found 2 plugins.
Preloading 0 native plugins for Editor in 0.00 ms.
Initialize engine version: 2020.3.12f1 (b3b2c6512326)
[Subsystems] Discovering subsystems at path C:/Program Files/Unity/Hub/Editor/2020.3.12f1/Editor/Data/Resources/UnitySubsystems
[Subsystems] Discovering subsystems at path C:/Users/albas/Desktop/unity/Recuperacion/Assets
GfxDevice: creating device client; threaded=0
Direct3D:
    Version:  Direct3D 11.0 [level 11.1]
    Renderer: NVIDIA GeForce RTX 3060 Laptop GPU (ID=0x2520)
    Vendor:   
    VRAM:     6023 MB
    Driver:   27.21.14.6280
Initialize mono
Mono path[0] = 'C:/Program Files/Unity/Hub/Editor/2020.3.12f1/Editor/Data/Managed'
Mono path[1] = 'C:/Program Files/Unity/Hub/Editor/2020.3.12f1/Editor/Data/MonoBleedingEdge/lib/mono/unityjit'
Mono config path = 'C:/Program Files/Unity/Hub/Editor/2020.3.12f1/Editor/Data/MonoBleedingEdge/etc'
Using monoOptions --debugger-agent=transport=dt_socket,embedding=1,server=y,suspend=n,address=127.0.0.1:56976
Begin MonoManager ReloadAssembly
Registering precompiled unity dll's ...
Register platform support module: C:/Program Files/Unity/Hub/Editor/2020.3.12f1/Editor/Data/PlaybackEngines/WindowsStandaloneSupport/UnityEditor.WindowsStandalone.Extensions.dll
Registered in 0.002431 seconds.
Native extension for WindowsStandalone target not found
Refreshing native plugins compatible for Editor in 43.96 ms, found 2 plugins.
Preloading 0 native plugins for Editor in 0.00 ms.
Mono: successfully reloaded assembly
- Completed reload, in  1.575 seconds
Platform modules already initialized, skipping
Registering precompiled user dll's ...
Registered in 0.012545 seconds.
Begin MonoManager ReloadAssembly
Native extension for WindowsStandalone target not found
Refreshing native plugins compatible for Editor in 0.76 ms, found 2 plugins.
Preloading 0 native plugins for Editor in 0.00 ms.
Mono: successfully reloaded assembly
- Completed reload, in  1.728 seconds
Platform modules already initialized, skipping
========================================================================
Worker process is ready to serve import requests
Launched and connected shader compiler UnityShaderCompiler.exe after 0.09 seconds
Refreshing native plugins compatible for Editor in 0.78 ms, found 2 plugins.
Preloading 0 native plugins for Editor in 0.00 ms.
Unloading 2332 Unused Serialized files (Serialized files now loaded: 0)
System memory in use before: 95.2 MB.
System memory in use after: 95.4 MB.

Unloading 19 unused Assets to reduce memory usage. Loaded Objects now: 2766.
Total: 6.955200 ms (FindLiveObjects: 0.966200 ms CreateObjectMapping: 0.510200 ms MarkObjects: 5.205200 ms  DeleteObjects: 0.270500 ms)

AssetImportParameters requested are different than current active one (requested -> active):
  custom:framework-win-MediaFoundation: 216162199b28c13a410421893ffa2e32 -> 
  custom:video-decoder-ogg-theora: a1e56fd34408186e4bbccfd4996cb3dc -> 
  custom:container-muxer-webm: aa71ff27fc2769a1b78a27578f13a17b -> 
  custom:container-demuxer-webm: 4f35f7cbe854078d1ac9338744f61a02 -> 
  custom:container-demuxer-ogg: 62fdf1f143b41e24485cea50d1cbac27 -> 
  custom:video-encoder-webm-vp8: eb34c28f22e8b96e1ab97ce403110664 -> 
  custom:video-codec-MediaFoundation-h265: 746d11721c4dcdbdad8f713fa42b33f4 -> 
  custom:video-decoder-webm-vp8: 9c59270c3fd7afecdb556c50c9e8de78 -> 
  custom:audio-decoder-ogg-vorbis: bf7c407c2cedff20999df2af8eb42d56 -> 
  custom:audio-encoder-webm-vorbis: bf7c407c2cedff20999df2af8eb42d56 -> 
========================================================================
Received Import Request.
  path: Assets/Scripts/formaDos.cs
  artifactKey: Guid(ed5715fd746e5fd4e988714e16b66e61) Importer(815301076,1909f56bfc062723c751e8b465ee728b)
Start importing Assets/Scripts/formaDos.cs using Guid(ed5715fd746e5fd4e988714e16b66e61) Importer(815301076,1909f56bfc062723c751e8b465ee728b)  -> (artifact id: '22262eaba3e472f7b09bded7e5b68bbe') in 0.065633 seconds 
  Import took 0.074604 seconds .

========================================================================
Received Import Request.
  Time since last request: 266.003017 seconds.
  path: Assets/Scripts/Usuario y Contraseña
  artifactKey: Guid(7b243e67635346543bbc73dacb11fc56) Importer(815301076,1909f56bfc062723c751e8b465ee728b)
Start importing Assets/Scripts/Usuario y Contraseña using Guid(7b243e67635346543bbc73dacb11fc56) Importer(815301076,1909f56bfc062723c751e8b465ee728b)  -> (artifact id: '22a7db9fcda4f1a194e6cedcb2e98e85') in 0.005396 seconds 
  Import took 0.010710 seconds .

========================================================================
Received Import Request.
  Time since last request: 0.108487 seconds.
  path: Assets/Scripts/Usuario y Contraseña
  artifactKey: Guid(7b243e67635346543bbc73dacb11fc56) Importer(815301076,1909f56bfc062723c751e8b465ee728b)
Start importing Assets/Scripts/Usuario y Contraseña using Guid(7b243e67635346543bbc73dacb11fc56) Importer(815301076,1909f56bfc062723c751e8b465ee728b)  -> (artifact id: '22a7db9fcda4f1a194e6cedcb2e98e85') in 0.005030 seconds 
  Import took 0.011548 seconds .

========================================================================
Received Import Request.
  Time since last request: 1.220751 seconds.
  path: Assets/Scripts/Usuario y Contraseña/UsuarioYContra.cs
  artifactKey: Guid(6c37e165cda1c50449b5fc1cb6d93c10) Importer(815301076,1909f56bfc062723c751e8b465ee728b)
Start importing Assets/Scripts/Usuario y Contraseña/UsuarioYContra.cs using Guid(6c37e165cda1c50449b5fc1cb6d93c10) Importer(815301076,1909f56bfc062723c751e8b465ee728b)  -> (artifact id: '28d0af6cd5d01562caaae1fe61891581') in 0.004314 seconds 
  Import took 0.008163 seconds .

========================================================================
Received Import Request.
  Time since last request: 0.436539 seconds.
  path: Assets/Scripts/Usuario y Contraseña/UsuarioYContra.cs
  artifactKey: Guid(6c37e165cda1c50449b5fc1cb6d93c10) Importer(815301076,1909f56bfc062723c751e8b465ee728b)
Start importing Assets/Scripts/Usuario y Contraseña/UsuarioYContra.cs using Guid(6c37e165cda1c50449b5fc1cb6d93c10) Importer(815301076,1909f56bfc062723c751e8b465ee728b)  -> (artifact id: '28d0af6cd5d01562caaae1fe61891581') in 0.003732 seconds 
  Import took 0.008051 seconds .

========================================================================
Received Import Request.
  Time since last request: 837.034982 seconds.
  path: Assets/Scripts/Borrador.cs
  artifactKey: Guid(f506d473272c639479f0b6ebf1823496) Importer(815301076,1909f56bfc062723c751e8b465ee728b)
Start importing Assets/Scripts/Borrador.cs using Guid(f506d473272c639479f0b6ebf1823496) Importer(815301076,1909f56bfc062723c751e8b465ee728b)  -> (artifact id: 'bc96a96d5a47694714a28398d71b9554') in 0.005381 seconds 
  Import took 0.011394 seconds .

========================================================================
Received Import Request.
  Time since last request: 0.001485 seconds.
  path: Assets/Scripts/Borrador.cs
  artifactKey: Guid(f506d473272c639479f0b6ebf1823496) Importer(815301076,1909f56bfc062723c751e8b465ee728b)
Start importing Assets/Scripts/Borrador.cs using Guid(f506d473272c639479f0b6ebf1823496) Importer(815301076,1909f56bfc062723c751e8b465ee728b)  -> (artifact id: 'bc96a96d5a47694714a28398d71b9554') in 0.005388 seconds 
  Import took 0.010638 seconds .

========================================================================
Received Import Request.
  Time since last request: 6.063610 seconds.
  path: Assets/Scripts/musica
  artifactKey: Guid(e4bcfabe6537f2142a1c688d620c2bd8) Importer(815301076,1909f56bfc062723c751e8b465ee728b)
Start importing Assets/Scripts/musica using Guid(e4bcfabe6537f2142a1c688d620c2bd8) Importer(815301076,1909f56bfc062723c751e8b465ee728b)  -> (artifact id: '353df380c4601c9123ae1088335c8217') in 0.005196 seconds 
  Import took 0.009939 seconds .

========================================================================
Received Import Request.
  Time since last request: 0.002888 seconds.
  path: Assets/Scripts/musica
  artifactKey: Guid(e4bcfabe6537f2142a1c688d620c2bd8) Importer(815301076,1909f56bfc062723c751e8b465ee728b)
Start importing Assets/Scripts/musica using Guid(e4bcfabe6537f2142a1c688d620c2bd8) Importer(815301076,1909f56bfc062723c751e8b465ee728b)  -> (artifact id: '353df380c4601c9123ae1088335c8217') in 0.004112 seconds 
  Import took 0.008603 seconds .

========================================================================
Received Import Request.
  Time since last request: 0.964943 seconds.
  path: Assets/Scripts/musica/SoundsEffects.cs
  artifactKey: Guid(40567cabde8494d4fa593dcceeab5b74) Importer(815301076,1909f56bfc062723c751e8b465ee728b)
Start importing Assets/Scripts/musica/SoundsEffects.cs using Guid(40567cabde8494d4fa593dcceeab5b74) Importer(815301076,1909f56bfc062723c751e8b465ee728b)  -> (artifact id: '53ecf0ec3577a8a73fa0b4aef1595474') in 0.013693 seconds 
  Import took 0.017883 seconds .

========================================================================
Received Import Request.
  Time since last request: 1.100684 seconds.
  path: Assets/Scripts/musica/musicaController.cs
  artifactKey: Guid(96e3402dee8a5ed47a29ffd3d22a7069) Importer(815301076,1909f56bfc062723c751e8b465ee728b)
Start importing Assets/Scripts/musica/musicaController.cs using Guid(96e3402dee8a5ed47a29ffd3d22a7069) Importer(815301076,1909f56bfc062723c751e8b465ee728b)  -> (artifact id: 'e82cd8279e7b71eb703feca68decf7f7') in 0.004840 seconds 
  Import took 0.009060 seconds .

========================================================================
Received Import Request.
  Time since last request: 4.669838 seconds.
  path: Assets/Scripts/Crono/UiController.cs
  artifactKey: Guid(8df195fc3e92b3f45927614c9c4ea5dd) Importer(815301076,1909f56bfc062723c751e8b465ee728b)
Start importing Assets/Scripts/Crono/UiController.cs using Guid(8df195fc3e92b3f45927614c9c4ea5dd) Importer(815301076,1909f56bfc062723c751e8b465ee728b)  -> (artifact id: 'e51f603609b79c9ffac519a2585dbe1f') in 0.005218 seconds 
  Import took 0.010775 seconds .

========================================================================
Received Import Request.
  Time since last request: 0.833094 seconds.
  path: Assets/Scripts/Crono/VidaController.cs
  artifactKey: Guid(b8f859d0faa505541a60458dd8fbacf0) Importer(815301076,1909f56bfc062723c751e8b465ee728b)
Start importing Assets/Scripts/Crono/VidaController.cs using Guid(b8f859d0faa505541a60458dd8fbacf0) Importer(815301076,1909f56bfc062723c751e8b465ee728b)  -> (artifact id: '1ffd8271db289048605d1bc6843d46b5') in 0.005214 seconds 
  Import took 0.009908 seconds .

========================================================================
Received Import Request.
  Time since last request: 0.002684 seconds.
  path: Assets/Scripts/Crono/VidaController.cs
  artifactKey: Guid(b8f859d0faa505541a60458dd8fbacf0) Importer(815301076,1909f56bfc062723c751e8b465ee728b)
Start importing Assets/Scripts/Crono/VidaController.cs using Guid(b8f859d0faa505541a60458dd8fbacf0) Importer(815301076,1909f56bfc062723c751e8b465ee728b)  -> (artifact id: '1ffd8271db289048605d1bc6843d46b5') in 0.004909 seconds 
  Import took 0.009819 seconds .

========================================================================
Received Import Request.
  Time since last request: 9.428701 seconds.
  path: Assets/Scripts/Crono/SpaceCount.cs
  artifactKey: Guid(4a808689ee4d6fa4087b55f3167bcb5f) Importer(815301076,1909f56bfc062723c751e8b465ee728b)
Start importing Assets/Scripts/Crono/SpaceCount.cs using Guid(4a808689ee4d6fa4087b55f3167bcb5f) Importer(815301076,1909f56bfc062723c751e8b465ee728b)  -> (artifact id: 'e55d5f2d75a561dd00113435d20c2239') in 0.005278 seconds 
  Import took 0.009288 seconds .

========================================================================
Received Import Request.
  Time since last request: 0.001971 seconds.
  path: Assets/Scripts/Crono/SpaceCount.cs
  artifactKey: Guid(4a808689ee4d6fa4087b55f3167bcb5f) Importer(815301076,1909f56bfc062723c751e8b465ee728b)
Start importing Assets/Scripts/Crono/SpaceCount.cs using Guid(4a808689ee4d6fa4087b55f3167bcb5f) Importer(815301076,1909f56bfc062723c751e8b465ee728b)  -> (artifact id: 'e55d5f2d75a561dd00113435d20c2239') in 0.005699 seconds 
  Import took 0.009858 seconds .

========================================================================
Received Import Request.
  Time since last request: 4.111820 seconds.
  path: Assets/Scripts/Crono/CronoControler.cs
  artifactKey: Guid(3ba726e058ed1f347bb6d0514d7ff027) Importer(815301076,1909f56bfc062723c751e8b465ee728b)
Start importing Assets/Scripts/Crono/CronoControler.cs using Guid(3ba726e058ed1f347bb6d0514d7ff027) Importer(815301076,1909f56bfc062723c751e8b465ee728b)  -> (artifact id: 'f4f62ecb261c4268f2c548a4a35cf00e') in 0.004332 seconds 
  Import took 0.008931 seconds .

========================================================================
Received Import Request.
  Time since last request: 0.341889 seconds.
  path: Assets/Scripts/Crono/CountDown.cs
  artifactKey: Guid(dfe67ae3a9a301e4b89625ff839c187a) Importer(815301076,1909f56bfc062723c751e8b465ee728b)
Start importing Assets/Scripts/Crono/CountDown.cs using Guid(dfe67ae3a9a301e4b89625ff839c187a) Importer(815301076,1909f56bfc062723c751e8b465ee728b)  -> (artifact id: '710f8861b827d215f7510200cf0e3ec4') in 0.014179 seconds 
  Import took 0.023471 seconds .

========================================================================
Received Import Request.
  Time since last request: 0.301520 seconds.
  path: Assets/Scripts/Crono/Calculadora.cs
  artifactKey: Guid(fd85a4d71d1bbef4686b440f1be8ea84) Importer(815301076,1909f56bfc062723c751e8b465ee728b)
Start importing Assets/Scripts/Crono/Calculadora.cs using Guid(fd85a4d71d1bbef4686b440f1be8ea84) Importer(815301076,1909f56bfc062723c751e8b465ee728b)  -> (artifact id: 'e3b1e877a4a2cfaa6d4c9403a9d2fef0') in 0.005231 seconds 
  Import took 0.010364 seconds .

